
prograeiffel: system execution failed.
Following is the set of recorded exceptions:

******************************** Thread exception *****************************
In thread           Root thread            0x0 (thread id)
*******************************************************************************
-------------------------------------------------------------------------------
Class / Object      Routine                Nature of exception           Effect
-------------------------------------------------------------------------------
PLAIN_TEXT_FILE     read_stream @2         is_readable:                 
<0000000003E58C28>  (From FILE)            Precondition violated.        Fail
-------------------------------------------------------------------------------
FILEREADER          open_file @2                                        
<0000000003E58998>                         Routine failure.              Fail
-------------------------------------------------------------------------------
APPLICATION         make @5                                             
<0000000003E585A8>                         Routine failure.              Fail
-------------------------------------------------------------------------------
APPLICATION         root's creation                                     
<0000000003E585A8>                         Routine failure.              Exit
-------------------------------------------------------------------------------
